<?xml version="1.0" encoding="UTF-8"?>
<!-- Generated by org.testng.reporters.JUnitXMLReporter -->
<testsuite ignored="0" hostname="DESKTOP-VJS669Q" failures="0" tests="6" name="Test" time="0.095" errors="0" timestamp="2023-09-21T21:13:06 IST">
  <testcase classname="TESTNG.sample_test1" name="m1" time="0.016"/>
  <testcase classname="TESTNG.sample_test1" name="m2" time="0.002"/>
  <testcase classname="TESTNG.sample_test2" name="m2" time="0.002"/>
  <testcase classname="TESTNG.sample_test2" name="m3" time="0.002"/>
  <testcase classname="TESTNG.sample_test3" name="m1" time="0.002"/>
  <testcase classname="TESTNG.sample_test3" name="m2" time="0.003"/>
</testsuite> <!-- Test -->
