<?xml version="1.0" encoding="UTF-8"?>
<testng-results ignored="0" total="2" passed="1" failed="1" skipped="0">
  <reporter-output>
  </reporter-output>
  <suite started-at="2023-09-22T22:29:00 IST" name="Suite" finished-at="2023-09-22T22:29:07 IST" duration-ms="7394">
    <groups>
    </groups>
    <test started-at="2023-09-22T22:29:00 IST" name="Test2" finished-at="2023-09-22T22:29:00 IST" duration-ms="65">
      <class name="assignment.cross_browser">
        <test-method signature="tc(java.lang.String)[pri:0, instance:assignment.cross_browser@4550bb58]" started-at="2023-09-22T22:29:00 IST" name="tc" finished-at="2023-09-22T22:29:00 IST" duration-ms="0" status="FAIL">
          <exception class="org.testng.TestNGException">
            <message>
              <![CDATA[
Parameter 'browser' is required by @Test on method tc but has not been marked @Optional or defined
in C:\Users\DELL\eclipse-workspace\ABC\multib.xml]]>
            </message>
            <full-stacktrace>
              <![CDATA[org.testng.TestNGException: 
Parameter 'browser' is required by @Test on method tc but has not been marked @Optional or defined
in C:\Users\DELL\eclipse-workspace\ABC\multib.xml
at org.testng.internal.Parameters.createParams(Parameters.java:270)
at org.testng.internal.Parameters.createParametersForMethod(Parameters.java:358)
at org.testng.internal.Parameters.createParameters(Parameters.java:700)
at org.testng.internal.Parameters.handleParameters(Parameters.java:884)
at org.testng.internal.Parameters.handleParameters(Parameters.java:740)
at org.testng.internal.ParameterHandler.handleParameters(ParameterHandler.java:59)
at org.testng.internal.ParameterHandler.createParameters(ParameterHandler.java:38)
at org.testng.internal.TestInvoker$MethodInvocationAgent.invoke(TestInvoker.java:791)
at org.testng.internal.TestInvoker.invokeTestMethods(TestInvoker.java:146)
at org.testng.internal.TestMethodWorker.invokeTestMethods(TestMethodWorker.java:146)
at org.testng.internal.TestMethodWorker.run(TestMethodWorker.java:128)
at java.base/java.util.ArrayList.forEach(ArrayList.java:1511)
at org.testng.TestRunner.privateRun(TestRunner.java:794)
at org.testng.TestRunner.run(TestRunner.java:596)
at org.testng.SuiteRunner.runTest(SuiteRunner.java:377)
at org.testng.SuiteRunner.access$000(SuiteRunner.java:28)
at org.testng.SuiteRunner$SuiteWorker.run(SuiteRunner.java:418)
at org.testng.internal.thread.ThreadUtil.lambda$execute$0(ThreadUtil.java:64)
at java.base/java.util.concurrent.FutureTask.run(FutureTask.java:317)
at java.base/java.util.concurrent.ThreadPoolExecutor.runWorker(ThreadPoolExecutor.java:1144)
at java.base/java.util.concurrent.ThreadPoolExecutor$Worker.run(ThreadPoolExecutor.java:642)
at java.base/java.lang.Thread.run(Thread.java:1623)
]]>
            </full-stacktrace>
          </exception> <!-- org.testng.TestNGException -->
          <reporter-output>
          </reporter-output>
        </test-method> <!-- tc -->
      </class> <!-- assignment.cross_browser -->
    </test> <!-- Test2 -->
    <test started-at="2023-09-22T22:29:00 IST" name="Test1" finished-at="2023-09-22T22:29:07 IST" duration-ms="7394">
      <class name="assignment.multi_browser">
        <test-method signature="m()[pri:0, instance:assignment.multi_browser@7334aada]" started-at="2023-09-22T22:29:00 IST" name="m" finished-at="2023-09-22T22:29:07 IST" duration-ms="7326" status="PASS">
          <reporter-output>
          </reporter-output>
        </test-method> <!-- m -->
      </class> <!-- assignment.multi_browser -->
    </test> <!-- Test1 -->
  </suite> <!-- Suite -->
</testng-results>
